0 info it worked if it ends with ok
1 verbose cli [ '/home/adam/local/bin/node',
1 verbose cli   '/home/adam/local/bin/npm',
1 verbose cli   'run',
1 verbose cli   'watchr' ]
2 info using npm@3.8.6
3 info using node@v6.0.0
4 verbose run-script [ 'prewatchr', 'watchr', 'postwatchr' ]
5 info lifecycle warframe_trading_board@1.0.0~prewatchr: warframe_trading_board@1.0.0
6 silly lifecycle warframe_trading_board@1.0.0~prewatchr: no script for prewatchr, continuing
7 info lifecycle warframe_trading_board@1.0.0~watchr: warframe_trading_board@1.0.0
8 verbose lifecycle warframe_trading_board@1.0.0~watchr: unsafe-perm in lifecycle true
9 verbose lifecycle warframe_trading_board@1.0.0~watchr: PATH: /home/adam/local/lib/node_modules/npm/bin/node-gyp-bin:/home/adam/Documents/GitHub/WebWS/NodeWS/warframe_trading_board/node_modules/.bin:/home/adam/local/bin:/home/adam/local/bin:/usr/local/heroku/bin:/usr/local/sbin:/usr/local/bin:/usr/sbin:/usr/bin:/sbin:/bin:/usr/games:/usr/local/games:/usr/local/java/jdk1.8.0_66/bin:/usr/local/java/jdk1.8.0_66/jre/bin:/home/adam/Downloads/intelliJ/idea-IC-143.1821.5/bin
10 verbose lifecycle warframe_trading_board@1.0.0~watchr: CWD: /home/adam/Documents/GitHub/WebWS/NodeWS/warframe_trading_board
11 silly lifecycle warframe_trading_board@1.0.0~watchr: Args: [ '-c',
11 silly lifecycle   './node_modules/gulp/bin/gulp.js watch-reload --host=localhost --port=7777' ]
12 silly lifecycle warframe_trading_board@1.0.0~watchr: Returned: code: 1  signal: null
13 info lifecycle warframe_trading_board@1.0.0~watchr: Failed to exec watchr script
14 verbose stack Error: warframe_trading_board@1.0.0 watchr: `./node_modules/gulp/bin/gulp.js watch-reload --host=localhost --port=7777`
14 verbose stack Exit status 1
14 verbose stack     at EventEmitter.<anonymous> (/home/adam/local/lib/node_modules/npm/lib/utils/lifecycle.js:239:16)
14 verbose stack     at emitTwo (events.js:106:13)
14 verbose stack     at EventEmitter.emit (events.js:191:7)
14 verbose stack     at ChildProcess.<anonymous> (/home/adam/local/lib/node_modules/npm/lib/utils/spawn.js:24:14)
14 verbose stack     at emitTwo (events.js:106:13)
14 verbose stack     at ChildProcess.emit (events.js:191:7)
14 verbose stack     at maybeClose (internal/child_process.js:850:16)
14 verbose stack     at Process.ChildProcess._handle.onexit (internal/child_process.js:215:5)
15 verbose pkgid warframe_trading_board@1.0.0
16 verbose cwd /home/adam/Documents/GitHub/WebWS/NodeWS/warframe_trading_board
17 error Linux 4.2.0-35-generic
18 error argv "/home/adam/local/bin/node" "/home/adam/local/bin/npm" "run" "watchr"
19 error node v6.0.0
20 error npm  v3.8.6
21 error code ELIFECYCLE
22 error warframe_trading_board@1.0.0 watchr: `./node_modules/gulp/bin/gulp.js watch-reload --host=localhost --port=7777`
22 error Exit status 1
23 error Failed at the warframe_trading_board@1.0.0 watchr script './node_modules/gulp/bin/gulp.js watch-reload --host=localhost --port=7777'.
23 error Make sure you have the latest version of node.js and npm installed.
23 error If you do, this is most likely a problem with the warframe_trading_board package,
23 error not with npm itself.
23 error Tell the author that this fails on your system:
23 error     ./node_modules/gulp/bin/gulp.js watch-reload --host=localhost --port=7777
23 error You can get information on how to open an issue for this project with:
23 error     npm bugs warframe_trading_board
23 error Or if that isn't available, you can get their info via:
23 error     npm owner ls warframe_trading_board
23 error There is likely additional logging output above.
24 verbose exit [ 1, true ]
